[Wed Jan 30 03:21:46 2013] [debug] Debug 1
[Wed Jan 30 03:21:46 2013] [error] Error 1
[Wed Jan 30 03:21:46 2013] [notice] Notice 1
[Wed Jan 30 03:21:46 2013] [debug] array (
  'Key 1' => 'Value 1',
  'Key 2' => 2,
)
[Wed Jan 30 03:21:46 2013] [debug] Debug 2
[Wed Jan 30 03:21:46 2013] [error] Error 2
[Wed Jan 30 03:21:46 2013] [notice] Notice 2
[Wed Jan 30 03:21:46 2013] [debug] array (
  'Key 1' => 'Value 1',
  'Key 2' => 2,
)
[Thu Feb 20 21:06:44 2014] [debug] Debug 1
[Thu Feb 20 21:06:44 2014] [error] Error 1
[Thu Feb 20 21:06:44 2014] [notice] Notice 1
[Thu Feb 20 21:06:44 2014] [debug] array (
  'Key 1' => 'Value 1',
  'Key 2' => 2,
)
[Thu Feb 20 21:06:44 2014] [debug] Debug 2
[Thu Feb 20 21:06:44 2014] [error] Error 2
[Thu Feb 20 21:06:44 2014] [notice] Notice 2
[Thu Feb 20 21:06:44 2014] [debug] array (
  'Key 1' => 'Value 1',
  'Key 2' => 2,
)
[Thu Feb 20 18:08:06 2014] [debug] Debug 1
[Thu Feb 20 18:08:06 2014] [error] Error 1
[Thu Feb 20 18:08:06 2014] [notice] Notice 1
[Thu Feb 20 18:08:06 2014] [debug] array (
  'Key 1' => 'Value 1',
  'Key 2' => 2,
)
[Thu Feb 20 18:08:06 2014] [debug] Debug 2
[Thu Feb 20 18:08:06 2014] [error] Error 2
[Thu Feb 20 18:08:06 2014] [notice] Notice 2
[Thu Feb 20 18:08:06 2014] [debug] array (
  'Key 1' => 'Value 1',
  'Key 2' => 2,
)
[Thu Feb 20 18:08:30 2014] [debug] Debug 1
[Thu Feb 20 18:08:30 2014] [error] Error 1
[Thu Feb 20 18:08:30 2014] [notice] Notice 1
[Thu Feb 20 18:08:30 2014] [debug] array (
  'Key 1' => 'Value 1',
  'Key 2' => 2,
)
[Thu Feb 20 18:08:30 2014] [debug] Debug 2
[Thu Feb 20 18:08:30 2014] [error] Error 2
[Thu Feb 20 18:08:30 2014] [notice] Notice 2
[Thu Feb 20 18:08:30 2014] [debug] array (
  'Key 1' => 'Value 1',
  'Key 2' => 2,
)
[Thu Feb 20 18:09:03 2014] [debug] Debug 1
[Thu Feb 20 18:09:03 2014] [error] Error 1
[Thu Feb 20 18:09:03 2014] [notice] Notice 1
[Thu Feb 20 18:09:03 2014] [debug] array (
  'Key 1' => 'Value 1',
  'Key 2' => 2,
)
[Thu Feb 20 18:09:03 2014] [debug] Debug 2
[Thu Feb 20 18:09:03 2014] [error] Error 2
[Thu Feb 20 18:09:03 2014] [notice] Notice 2
[Thu Feb 20 18:09:03 2014] [debug] array (
  'Key 1' => 'Value 1',
  'Key 2' => 2,
)
[Thu Feb 20 18:09:40 2014] [debug] Debug 1
[Thu Feb 20 18:09:40 2014] [error] Error 1
[Thu Feb 20 18:09:40 2014] [notice] Notice 1
[Thu Feb 20 18:09:40 2014] [debug] array (
  'Key 1' => 'Value 1',
  'Key 2' => 2,
)
[Thu Feb 20 18:09:40 2014] [debug] Debug 2
[Thu Feb 20 18:09:40 2014] [error] Error 2
[Thu Feb 20 18:09:40 2014] [notice] Notice 2
[Thu Feb 20 18:09:40 2014] [debug] array (
  'Key 1' => 'Value 1',
  'Key 2' => 2,
)
[Thu Feb 20 18:10:06 2014] [debug] Debug 1
[Thu Feb 20 18:10:06 2014] [error] Error 1
[Thu Feb 20 18:10:06 2014] [notice] Notice 1
[Thu Feb 20 18:10:06 2014] [debug] array (
  'Key 1' => 'Value 1',
  'Key 2' => 2,
)
[Thu Feb 20 18:10:06 2014] [debug] Debug 2
[Thu Feb 20 18:10:06 2014] [error] Error 2
[Thu Feb 20 18:10:06 2014] [notice] Notice 2
[Thu Feb 20 18:10:06 2014] [debug] array (
  'Key 1' => 'Value 1',
  'Key 2' => 2,
)
